2022-05-25 08:03:54,338 : INFO : log/info.log : INFO :: Retrieved BMI from Cache ( Height : 167 Weight : 50 ==> 17.9 underweight )
2022-05-25 08:03:54,992 : INFO : log/info.log : INFO :: Retrieved BMI from Cache ( Height : 167 Weight : 50 ==> 17.9 underweight )
2022-05-25 08:03:55,160 : INFO : log/info.log : INFO :: Retrieved BMI from Cache ( Height : 167 Weight : 50 ==> 17.9 underweight )
2022-05-25 08:03:55,563 : INFO : log/info.log : INFO :: Retrieved BMI from Cache ( Height : 167 Weight : 50 ==> 17.9 underweight )
2022-05-25 08:03:55,736 : INFO : log/info.log : INFO :: Retrieved BMI from Cache ( Height : 167 Weight : 50 ==> 17.9 underweight )
2022-05-25 08:03:55,889 : INFO : log/info.log : INFO :: Retrieved BMI from Cache ( Height : 167 Weight : 50 ==> 17.9 underweight )
2022-05-25 08:03:56,061 : INFO : log/info.log : INFO :: Retrieved BMI from Cache ( Height : 167 Weight : 50 ==> 17.9 underweight )
2022-05-25 08:03:56,207 : INFO : log/info.log : INFO :: Retrieved BMI from Cache ( Height : 167 Weight : 50 ==> 17.9 underweight )
2022-05-25 08:03:56,613 : INFO : log/info.log : INFO :: Retrieved BMI from Cache ( Height : 167 Weight : 50 ==> 17.9 underweight )
2022-05-25 08:03:56,791 : INFO : log/info.log : INFO :: Retrieved BMI from Cache ( Height : 167 Weight : 50 ==> 17.9 underweight )
2022-05-25 08:03:56,961 : INFO : log/info.log : INFO :: Retrieved BMI from Cache ( Height : 167 Weight : 50 ==> 17.9 underweight )
2022-05-25 08:04:01,323 : INFO : log/info.log : INFO :: Calculated BMI ( Height : 167 Weight : 60 ==> 21.5 healthy )
2022-05-25 08:04:03,060 : INFO : log/info.log : INFO :: Retrieved BMI from Cache ( Height : 167 Weight : 60 ==> 21.5 healthy )
2022-05-25 08:04:03,367 : INFO : log/info.log : INFO :: Retrieved BMI from Cache ( Height : 167 Weight : 60 ==> 21.5 healthy )
2022-05-25 08:04:03,509 : INFO : log/info.log : INFO :: Retrieved BMI from Cache ( Height : 167 Weight : 60 ==> 21.5 healthy )
2022-05-25 08:04:03,668 : INFO : log/info.log : INFO :: Retrieved BMI from Cache ( Height : 167 Weight : 60 ==> 21.5 healthy )
2022-05-25 08:04:03,859 : INFO : log/info.log : INFO :: Retrieved BMI from Cache ( Height : 167 Weight : 60 ==> 21.5 healthy )
2022-05-25 08:04:03,973 : INFO : log/info.log : INFO :: Retrieved BMI from Cache ( Height : 167 Weight : 60 ==> 21.5 healthy )
2022-05-25 08:04:04,143 : INFO : log/info.log : INFO :: Retrieved BMI from Cache ( Height : 167 Weight : 60 ==> 21.5 healthy )
2022-05-25 08:16:40,101 : INFO : log/info.log : INFO :: Retrieved BMI from Cache ( Height : 167 Weight : 60 ==> 21.5 healthy )
2022-05-25 08:16:42,852 : INFO : log/info.log : INFO :: Retrieved BMI from Cache ( Height : 167 Weight : 60 ==> 21.5 healthy )
2022-05-25 08:16:43,508 : INFO : log/info.log : INFO :: Retrieved BMI from Cache ( Height : 167 Weight : 60 ==> 21.5 healthy )
2022-05-25 08:16:43,667 : INFO : log/info.log : INFO :: Retrieved BMI from Cache ( Height : 167 Weight : 60 ==> 21.5 healthy )
2022-05-25 08:16:44,039 : INFO : log/info.log : INFO :: Retrieved BMI from Cache ( Height : 167 Weight : 60 ==> 21.5 healthy )
2022-05-25 08:16:44,470 : INFO : log/info.log : INFO :: Retrieved BMI from Cache ( Height : 167 Weight : 60 ==> 21.5 healthy )
2022-05-25 08:19:12,071 : INFO : log/info.log : INFO :: Calculated BMI ( Height : 167 Weight : 90 ==> 32.3 overweight )
2022-05-25 08:19:13,463 : INFO : log/info.log : INFO :: Retrieved BMI from Cache ( Height : 167 Weight : 90 ==> 32.3 overweight )
2022-05-25 08:19:15,177 : INFO : log/info.log : INFO :: Retrieved BMI from Cache ( Height : 167 Weight : 90 ==> 32.3 overweight )
2022-05-25 08:19:15,341 : INFO : log/info.log : INFO :: Retrieved BMI from Cache ( Height : 167 Weight : 90 ==> 32.3 overweight )
2022-05-25 08:19:15,519 : INFO : log/info.log : INFO :: Retrieved BMI from Cache ( Height : 167 Weight : 90 ==> 32.3 overweight )
2022-05-25 08:19:15,695 : INFO : log/info.log : INFO :: Retrieved BMI from Cache ( Height : 167 Weight : 90 ==> 32.3 overweight )
2022-05-25 08:19:15,848 : INFO : log/info.log : INFO :: Retrieved BMI from Cache ( Height : 167 Weight : 90 ==> 32.3 overweight )
2022-05-25 08:19:18,631 : INFO : log/info.log : INFO :: Calculated BMI ( Height : 167 Weight : 80 ==> 28.7 overweight )
2022-05-25 08:26:05,551 : INFO : log/info.log : INFO :: Retrieved BMI from Cache ( Height : 167 Weight : 80 ==> 28.7 overweight )
2022-05-25 08:26:06,416 : INFO : log/info.log : INFO :: Retrieved BMI from Cache ( Height : 167 Weight : 80 ==> 28.7 overweight )
2022-05-25 08:26:06,591 : INFO : log/info.log : INFO :: Retrieved BMI from Cache ( Height : 167 Weight : 80 ==> 28.7 overweight )
2022-05-25 08:26:06,785 : INFO : log/info.log : INFO :: Retrieved BMI from Cache ( Height : 167 Weight : 80 ==> 28.7 overweight )
2022-05-25 08:26:06,947 : INFO : log/info.log : INFO :: Retrieved BMI from Cache ( Height : 167 Weight : 80 ==> 28.7 overweight )
2022-05-25 08:26:07,096 : INFO : log/info.log : INFO :: Retrieved BMI from Cache ( Height : 167 Weight : 80 ==> 28.7 overweight )
2022-05-25 08:26:07,248 : INFO : log/info.log : INFO :: Retrieved BMI from Cache ( Height : 167 Weight : 80 ==> 28.7 overweight )
2022-05-25 08:30:16,826 : INFO : log/info.log : INFO :: Retrieved BMI from Cache ( Height : 167 Weight : 80 ==> 28.7 overweight )
2022-05-25 08:30:17,379 : INFO : log/info.log : INFO :: Retrieved BMI from Cache ( Height : 167 Weight : 80 ==> 28.7 overweight )
2022-05-25 08:30:17,548 : INFO : log/info.log : INFO :: Retrieved BMI from Cache ( Height : 167 Weight : 80 ==> 28.7 overweight )
2022-05-25 08:30:17,719 : INFO : log/info.log : INFO :: Retrieved BMI from Cache ( Height : 167 Weight : 80 ==> 28.7 overweight )
2022-05-25 08:30:17,849 : INFO : log/info.log : INFO :: Retrieved BMI from Cache ( Height : 167 Weight : 80 ==> 28.7 overweight )
2022-05-25 08:30:17,994 : INFO : log/info.log : INFO :: Retrieved BMI from Cache ( Height : 167 Weight : 80 ==> 28.7 overweight )
